C51 COMPILER V9.52.0.0   IIC                                                               12/24/2015 16:08:15 PAGE 1   


C51 COMPILER V9.52.0.0, COMPILATION OF MODULE IIC
OBJECT MODULE PLACED IN .\OBJ\IIC.obj
COMPILER INVOKED BY: C:\Keil\C51\BIN\C51.EXE SRC\IIC.c BROWSE DEBUG OBJECTEXTEND PRINT(.\LST\IIC.lst) OBJECT(.\OBJ\IIC.o
                    -bj)

line level    source

   1          /*----------------------------*/
   2          #include ".\Head\HD_cfg.h"
   3          
   4          /*-----------------------------*
   5           *  Macros for constants       *
   6           *----------------------------*/
   7          
   8          /*-----------------------------*
   9           *  Macros for others          *
  10           *----------------------------*/
  11          
  12          
  13          /*-----------------------------*
  14           *  type definitions           *
  15           *----------------------------*/
  16          
  17          
  18          /*-----------------------------*
  19           *  structure,union and enum   *
  20           *----------------------------*/
  21          
  22          
  23          /*-----------------------------*
  24           *  public functions prototypes*
  25           *----------------------------*/
  26          uint8 i2c_recbyte(void);
  27          void  i2c_ack(void);
  28          void  i2c_stop(void);
  29          void  i2c_start(void);
  30          void  i2c_read(void);
  31          void  i2c_sendbyte(uint8 tms);
  32          void  delays(uint8 tms);
  33          
  34          /*-----------------------------*
  35           *  static functions prototypes*
  36           *----------------------------*/
  37          
  38          
  39          /*-----------------------------*
  40           *  public variable declaration*
  41           *----------------------------*/
  42          Bool ack;               
  43          uint8 xdata rdat1,rdat2;
  44          /*-----------------------------*
  45           *  static variable declaration*
  46           *----------------------------*/
  47          
  48          void i2c_read()
  49          {
  50   1              iic_Pull();
  51   1          i2c_stop();
  52   1          i2c_start();
  53   1          i2c_sendbyte(0xa9);               //addr
  54   1          if (ack) 
C51 COMPILER V9.52.0.0   IIC                                                               12/24/2015 16:08:15 PAGE 2   

  55   1              i2c_stop();
  56   1          else
  57   1              {
  58   2              rdat1=i2c_recbyte();           //dat1
  59   2              ack=0;
  60   2              i2c_ack();
  61   2              delays(20);
  62   2                      rdat2=i2c_recbyte();           //dat2
  63   2                      ack=1;
  64   2              i2c_ack();
  65   2              delays(20);
  66   2              }
  67   1              
  68   1              
  69   1              delays(100);
  70   1              i2c_stop();
  71   1          i2c_start();
  72   1          i2c_sendbyte(0xa8);               //addr
  73   1          if (ack) 
  74   1              i2c_stop();
  75   1          else
  76   1              {
  77   2      //        i2c_sendbyte(g_u8LedTxDAT1);
  78   2      //        if(ack)
  79   2      //        i2c_stop();
  80   2      //        else
  81   2      //        {
  82   2      //            i2c_sendbyte(g_u8LedTxDAT2);
  83   2      //                  ack=1;
  84   2      //            i2c_ack();
  85   2      //            delays(20);
  86   2      //        }
  87   2                      i2c_sendbyte(g_u8LedTxDAT1);
  88   2                      ack=1;
  89   2              i2c_ack();
  90   2              delays(20);
  91   2              }
  92   1      }
  93          
  94          void i2c_start()
  95          {
  96   1          Sda_High();
  97   1          delays(15);
  98   1          Scl_High();
  99   1          delays(15);
 100   1          Sda_Low();
 101   1          delays(15);
 102   1          Scl_Low();
 103   1          delays(15);
 104   1      }
 105          
 106          void i2c_stop()
 107          {
 108   1          Sda_Low();
 109   1          delays(15);
 110   1          Scl_High();
 111   1          delays(15);
 112   1          Sda_High();
 113   1          delays(15);
 114   1          Scl_Low();
 115   1          delays(15);
 116   1      }
C51 COMPILER V9.52.0.0   IIC                                                               12/24/2015 16:08:15 PAGE 3   

 117          
 118          void i2c_ack()
 119          {
 120   1          delays(15);
 121   1          if (ack==0)
 122   1          Sda_Low();
 123   1          if (ack==1)
 124   1          Sda_High();
 125   1          delays(15);
 126   1          Scl_High();
 127   1          delays(15);
 128   1          Scl_Low();
 129   1          delays(15);
 130   1      }
 131          
 132          void i2c_sendbyte(uint8 tms)
 133          {
 134   1          uint8 i,sdat;
 135   1          sdat=tms;
 136   1          for (i=0;i<8;i++)
 137   1          {
 138   2                    if (sdat&0x80)
 139   2                    {
 140   3                        Sda_High();
 141   3                    }
 142   2                    else
 143   2                    {
 144   3                    Sda_Low();
 145   3                    }
 146   2                    delays(15);
 147   2                    Scl_High();
 148   2                    delays(15);
 149   2                    Scl_Low();
 150   2                    sdat<<=1;
 151   2          }
 152   1              Sdac_High();
 153   1          delays(15);
 154   1          Scl_High();
 155   1          delays(15);
 156   1          if (Sda)
 157   1          ack=1;
 158   1          else
 159   1          ack=0;
 160   1          Scl_Low();
 161   1          delays(10);
 162   1      }
 163          
 164          uint8 i2c_recbyte()
 165          {
 166   1          uint8 i,dat;
 167   1          dat=0;
 168   1              Sdac_High();
 169   1          for (i=0;i<8;i++)
 170   1          {
 171   2                    Scl_Low();
 172   2                    delays(15);
 173   2                    Scl_High();
 174   2                    delays(15);
 175   2                    dat<<=1;
 176   2                    if (Sda)
 177   2                    dat|=0x01;
 178   2                    delays(15);    
C51 COMPILER V9.52.0.0   IIC                                                               12/24/2015 16:08:15 PAGE 4   

 179   2          }
 180   1          Scl_Low();
 181   1          delays(10);
 182   1          return(dat);
 183   1      }
 184          
 185          void delays(uint8 tms)
 186          {
 187   1          volatile uint8 i;
 188   1          for (i=0;i<tms;i++);
 189   1      }


MODULE INFORMATION:   STATIC OVERLAYABLE
   CODE SIZE        =    368    ----
   CONSTANT SIZE    =   ----    ----
   XDATA SIZE       =      2    ----
   PDATA SIZE       =   ----    ----
   DATA SIZE        =   ----       5
   IDATA SIZE       =   ----    ----
   BIT SIZE         =      1    ----
END OF MODULE INFORMATION.


C51 COMPILATION COMPLETE.  0 WARNING(S),  0 ERROR(S)
