C51 COMPILER V9.52.0.0   TABLEFUNC                                                         12/24/2015 16:08:17 PAGE 1   


C51 COMPILER V9.52.0.0, COMPILATION OF MODULE TABLEFUNC
OBJECT MODULE PLACED IN .\OBJ\TableFunc.obj
COMPILER INVOKED BY: C:\Keil\C51\BIN\C51.EXE SRC\TableFunc.c BROWSE DEBUG OBJECTEXTEND PRINT(.\LST\TableFunc.lst) OBJECT
                    -(.\OBJ\TableFunc.obj)

line level    source

   1          /*-----------------------------------------------------------------------------*
   2           *　 文件名：TableFunc.c
   3           *　 文件描述：存储工作参数表格(加热温度、加热时间)
   4           *----------------------------------------------------------------------------*/
   5          #include ".\Head\HD_cfg.h" 
   6          
   7          //吸水升温时间                         2P      4P     6P     8P     10P     12P
   8          uint16  code SoakTimeRiseTab[9][6] = {{170,    260,   380,   460,   490,    520},   // 0 P1_1      WhiteRi
             -ce_Nutritious(75°) 
   9                                                {90,     160,   240,   300,   330,    390},   // 1 P1_4      WhiteRi
             -ce_Soft(60°)
  10                                                {110,    200,   320,   370,   430,    460},   // 2 P2_1_S1/P2_3/P2_4
             - BrownRice_Nutritious_S1/Normal/Soft(70°)
  11                                                {40,     70,    120,   180,   210,    240},   // 3 P2_1_S2   BrownRi
             -ce_Nutritious_S2(85°)
  12                                                {300,    460,   550,   710,   710,    710},   // 4 P3_1/P3_4 Buckwhe
             -at_Nutritious/Soft(75°)
  13                                                {160,    180,   260,   320,   400,    400},   // 5 P5_1      Lentils
             -_Nutritious(60°)
  14                                                                                    {160,    180,   260,   320,   400,    400},   // 6 P5_2      Lentils_Hard(60°)
  15                                                                                    {160,    180,   260,   320,   400,    400},   // 7 P5_4      Lentils_Soft(60°)
  16                                                {340,    460,   580,   700,   700,    700}};  // 8 P8        BrownRi
             -ce_GreenLentils(75°)
  17                                                                                    
  18          //========================================================================================================
             -============================================                                                                    
  19          //吸水维持时间                         2P      4P     6P     8P     10P     12P                           
             -           
  20          uint16  code SoakTimeKeepTab[9][6] = {{840,    840,   840,   840,   840,    840},   // 0 P1_1      WhiteRi
             -ce_Nutritious(75°)
  21                                                {1020,   1020,  1020,  1020,  1020,   1020},  // 1 P1_4      WhiteRi
             -ce_Soft(60°)
  22                                                {1080,   1080,  1080,  1080,  1080,   1080},  // 2 P2_1_S1/P2_3/P2_4
             - BrownRice_Nutritious_S1/Normal/Soft(70°)
  23                                                {360,    360,   360,   360,   360,    360},   // 3 P2_1_S2   BrownRi
             -ce_Nutritious_S2(85°)
  24                                                {840,    840,   840,   840,   840,    840},   // 4 P3_1/P3_4 Buckwhe
             -at_Nutritious/Soft(75°)
  25                                                                                    {720,    720,   720,   720,   720,    720},   // 5 P5_1      Lentils_Nutritious(60°)
  26                                                                                    {420,    420,   420,   420,   420,    420},   // 6 P5_2      Lentils_Hard(60°)
  27                                                {1800,   1800,  1800,  1800,  1800,   1800},  // 7 P5_4      Lentils
             -_Soft(60°)
  28                                                {3600,   3600,  3600,  3600,  3600,   3600}}; // 8 P8        BrownRi
             -ce_GreenLentils(75°)
  29                                                                                    
  30          //========================================================================================================
             -============================================                                                                    
  31          //吸水维持温度                         2P      4P     6P     8P     10P     12P  
  32          uint8  code SoakTempKeepTab[9][6] =  {{80,     81,    82,    84,    84,     84},    // 0 P1_1      WhiteRi
             -ce_Nutritious(75°)
  33                                                {64,     64,    64,    64,    64,     64},    // 1 P1_4      WhiteRi
             -ce_Soft(60°)
  34                                                {71,     71,    72,    74,    74,     74},    // 2 P2_1_S1/P2_3/P2_4
             - BrownRice_Nutritious_S1/Normal/Soft(70°)
C51 COMPILER V9.52.0.0   TABLEFUNC                                                         12/24/2015 16:08:17 PAGE 2   

  35                                                {87,     87,    87,    87,    87,     87},    // 3 P2_1_S2   BrownRi
             -ce_Nutritious_S2(85°)
  36                                                {75,     75,    75,    75,    75,     75},    // 4 P3_1/P3_4 Buckwhe
             -at_Nutritious/Soft(75°)
  37                                                {59,     60,    60,    61,    61,     61},    // 5 P5_1      Lentils
             -_Nutritious(60°)
  38                                                                                    {59,     60,    60,    61,    61,     61},    // 6 P5_2      Lentils_Hard(60°)
  39                                                                                    {59,     60,    60,    61,    61,     61},    // 7 P5_4      Lentils_Soft(60°)
  40                                                {72,     72,    72,    72,    72,     72}};   // 8 P8        BrownRi
             -ce_GreenLentils(75°)
  41                                                                                    
  42          //========================================================================================================
             -============================================                                                                    
  43          //糊化时间                             2P      4P     6P     8P     10P     12P
  44          uint16  code MashTimeTab[3][6]   =   {{180,    200,   240,   280,   320,    360},   // 0 P1        WhiteRi
             -ce
  45                                                {720,    720,   720,   720,   720,    720},   // 1 P2        BrownRi
             -ce
  46                                                {120,    120,   120,   120,   120,    120}};  // 2 P3        Buckwhe
             -at
  47                                                                                    
  48          //========================================================================================================
             -============================================                                      
  49          //倒计时时间                           2P      4P     6P     8P     10P     12P
  50          uint8  code CountDownTimeTab[23][6] = {{15,     15,    15,    15,    15,     15},   // 0 P1_1      WhiteRi
             -ce_Nutritious
  51                                                {10,     10,    10,    10,    10,     10},    // 1 P1_2      WhiteRi
             -ce_Hard
  52                                                {15,     15,    15,    15,    15,     15},    // 2 P1_3      WhiteRi
             -ce_Normal
  53                                                {15,     15,    15,    15,    15,     15},    // 3 P1_4      WhiteRi
             -ce_Soft
  54                                                {15,     15,    15,    15,    15,     15},    // 4 P2_1      BrownRi
             -ce_Nutritious
  55                                                {20,     20,    20,    20,    20,     20},    // 5 P2_2      BrownRi
             -ce_Hard
  56                                                {15,     15,    15,    15,    15,     15},    // 6 P2_3      BrownRi
             -ce_Normal
  57                                                {20,     20,    20,    20,    20,     20},    // 7 P2_4      BrownRi
             -ce_Soft
  58                                                {20,     20,    20,    20,    20,     20},    // 8 P3_1      Buckwhe
             -at_Nutritious
  59                                                {20,     20,    20,    20,    20,     20},    // 9 P3_2      Buckwhe
             -at_Hard
  60                                                {20,     20,    20,    20,    20,     20},    // 10 P3_4     Buckwhe
             -at_Soft
  61                                                {15,     15,    15,    15,    15,     15},    // 11 P4_1     Quinoa_
             -Nutritious
  62                                                {14,     14,    14,    14,    14,     14},    // 12 P4_2     Quinoa_
             -Hard
  63                                                {18,     18,    18,    18,    18,     18},    // 13 P4_3     Quinoa_
             -Normal
  64                                                {5,      5,     5,     5,     5,      5},     // 14 P5_1     Lentils
             -_Nutritious
  65                                                {5,      5,     5,     5,     5,      5},     // 15 P5_2     Lentils
             -_Hard
  66                                                {5,      5,     5,     5,     5,      5},     // 16 P5_4     Lentils
             -_Soft
  67                                                {35,     35,    35,    35,    35,     35},    // 17 P6_P1    Beans_P
             -1
  68                                                {10,     10,    10,    10,    10,     10},    // 18 P6_P2    Beans_P
             -2
C51 COMPILER V9.52.0.0   TABLEFUNC                                                         12/24/2015 16:08:17 PAGE 3   

  69                                                {15,     60,    45,    35,    35,     35},    // 19 P7       BabyPor
             -ridge
  70                                                {10,     10,    10,    10,    10,     10},    // 20 P8       BrownRi
             -ce_GreenLentils
  71                                                {80,     80,    80,    80,    80,     80},    // 21 P9_P1    ChickPe
             -as_P1
  72                                                {80,     80,    80,    80,    80,     80}};   // 22 P9_P2    ChickPe
             -as_P2
  73                                                
  74                                             


MODULE INFORMATION:   STATIC OVERLAYABLE
   CODE SIZE        =   ----    ----
   CONSTANT SIZE    =    444    ----
   XDATA SIZE       =   ----    ----
   PDATA SIZE       =   ----    ----
   DATA SIZE        =   ----    ----
   IDATA SIZE       =   ----    ----
   BIT SIZE         =   ----    ----
END OF MODULE INFORMATION.


C51 COMPILATION COMPLETE.  0 WARNING(S),  0 ERROR(S)
