C51 COMPILER V9.52.0.0   TEMPCTR                                                           12/24/2015 16:08:17 PAGE 1   


C51 COMPILER V9.52.0.0, COMPILATION OF MODULE TEMPCTR
OBJECT MODULE PLACED IN .\OBJ\TempCtr.obj
COMPILER INVOKED BY: C:\Keil\C51\BIN\C51.EXE SRC\TempCtr.c BROWSE DEBUG OBJECTEXTEND PRINT(.\LST\TempCtr.lst) OBJECT(.\O
                    -BJ\TempCtr.obj)

line level    source

   1          /*-----------------------------*
   2           *  include head files         *
   3           *----------------------------*/
   4          #include ".\Head\HD_cfg.h"
   5          #include ".\Head\TempCtr.h"
   6          
   7          /*-----------------------------*
   8           *  Macros for constants       *
   9           *----------------------------*/
  10          
  11          /*-----------------------------*
  12           *  Macros for others          *
  13           *----------------------------*/
  14          
  15          
  16          /*-----------------------------*
  17           *  type definitions           *
  18           *----------------------------*/
  19          
  20          
  21          /*-----------------------------*
  22           *  structure,union and enum   *
  23           *----------------------------*/
  24          
  25          
  26          /*-----------------------------*
  27           *  public functions prototypes*
  28           *----------------------------*/
  29          void    KeepTempProc(void);
  30          void    HeatProc(void);
  31          
  32          /*-----------------------------*
  33           *  static functions prototypes*
  34           *----------------------------*/
  35          
  36          
  37          /*-----------------------------*
  38           *  public variable declaration*
  39           *----------------------------*/
  40          uint8   g_u8HiTemp;                             //温度上限
  41          uint8   g_u8LoTemp;                             //温度下限
  42          uint8   g_u8OnTime_Set;
  43          uint8   g_u8OffTime_Set;
  44          uint8   g_u8PwrCnt;
  45          uint16  g_u16RelayTime;         //继电器动作时间
  46          
  47          /*-----------------------------*
  48           *  static variable declaration*
  49           *----------------------------*/
  50          static  uint8   u8OnTime;
  51          static  uint8   u8OffTime;
  52          
  53          /*-----------------------------------------------------------------------------*
  54           *  Function Description:                                                      *
C51 COMPILER V9.52.0.0   TEMPCTR                                                           12/24/2015 16:08:17 PAGE 2   

  55           *      温度维持程序                                                                           *
  56           *  Parameters:                                                                *
  57           *      None                                                                   *
  58           *  Return                                                                     *
  59           *      None                                                                   *
  60           *----------------------------------------------------------------------------*/
  61          void    KeepTempProc(void)
  62          {
  63   1              uint8   u8BotDegree     =       ADCGetData(AD_CH_BOT);
  64   1      
  65   1              if(g_u8HiTemp==0)
  66   1              {
  67   2                      u8OnTime        =       0;
  68   2                      return;
  69   2              }
  70   1      
  71   1              if(bSys_1000MS)
  72   1              { 
  73   2                      if(bTempReach)
  74   2                      {       
  75   3                              //温度已经到达,则检查Low温度
  76   3                              if(u8BotDegree>=g_u8LoTemp)
  77   3                              {
  78   4                                      //温度还在目标范围内
  79   4                                      u8OnTime        =       0;
  80   4                                      return;
  81   4                              }
  82   3                              else
  83   3                              {
  84   4                                      //已经低于LowTemp
  85   4                                      bTempReach      =       0;
  86   4                              }       
  87   3                      }
  88   2      
  89   2                      //温度还没达到
  90   2                      if(u8BotDegree>=g_u8HiTemp)
  91   2                      {
  92   3                              //温度大于上限温度
  93   3                              bTempReach      =       1;                      //置温度已经达到上限状态
  94   3                              u8OnTime        =       0;
  95   3                      }
  96   2                      else
  97   2                      {
  98   3                              //温度仍然低于上限温度
  99   3                              //设置间隔加热参数
 100   3                              u8OnTime        =       g_u8OnTime_Set;
 101   3                              u8OffTime       =       g_u8OffTime_Set;
 102   3                      }
 103   2              }
 104   1      }
 105          
 106          /*-----------------------------------------------------------------------------*
 107           *  Function Description:                                                      *
 108           *      加热控制程序                                                                       *
 109           *  Parameters:                                                                *
 110           *      None                                                                   *
 111           *  Return                                                                     *
 112           *      None                                                                       *
 113           *-----------------------------------------------------------------------------*/
 114          void    HeatProc(void)
 115          {
 116   1          if((bPwroffline==1)||(g_u16RelayDelayCnt<1000))                 //掉电，关加热,延迟启动
C51 COMPILER V9.52.0.0   TEMPCTR                                                           12/24/2015 16:08:17 PAGE 3   

 117   1          {
 118   2              IO_HEAT_BOT     =       0;
 119   2                      IO_HEAT_TOP     =       0;
 120   2                      IO_HEAT_MID     =       0;
 121   2          }
 122   1          else
 123   1          {
 124   2              if(u8OnTime==0)                         //无功率输出
 125   2              {
 126   3                      IO_HEAT_BOT     =       0;
 127   3                      bHeatState      =       0;
 128   3                      g_u8PwrCnt      =       0;                      
 129   3              }
 130   2              else
 131   2              {
 132   3                      if(u8OnTime==0xf0)              //连续加热
 133   3                      {
 134   4                              IO_HEAT_BOT     =       1;
 135   4                              bHeatState      =       1;
 136   4                              g_u8PwrCnt      =       0;      
 137   4                              if(bSys_1000MS) g_u16RelayTime++;       
 138   4                      }
 139   3                      else
 140   3                      {
 141   4                              if(bSys_1000MS)
 142   4                              {
 143   5                                      g_u8PwrCnt++;
 144   5      
 145   5                                      if(bHeatState)
 146   5                                      {
 147   6                                              //HeatProc_OnState
 148   6                                              if(g_u8PwrCnt>=u8OnTime)
 149   6                                              {
 150   7                                                      bHeatState      =       0;              //设置间隔加热状态为断开状态
 151   7                                                      g_u8PwrCnt      =       0;              //间隔加热计时器清零
 152   7                                                      IO_HEAT_BOT     =       0;              
 153   7                                              }
 154   6                                              else
 155   6                                              {
 156   7                                                      IO_HEAT_BOT     =       1;      
 157   7                                                      g_u16RelayTime++;               
 158   7                                              }
 159   6                                      }
 160   5                              else
 161   5                                      {
 162   6                                              //HeatProc_OffState
 163   6                                              if(g_u8PwrCnt>=u8OffTime)
 164   6                                              {
 165   7                                                      bHeatState      =       1;              //设置间隔加热状态为打开状态
 166   7                                                      g_u8PwrCnt      =       0;              //间隔加热计时器清零
 167   7                                                      IO_HEAT_BOT     =       1;
 168   7                                                      g_u16RelayTime++;
 169   7                                              }
 170   6                                              else
 171   6                                              {
 172   7                                                      IO_HEAT_BOT     =       0;
 173   7                                              }
 174   6                                      }       
 175   5                              }
 176   4                      }
 177   3              }
 178   2      
C51 COMPILER V9.52.0.0   TEMPCTR                                                           12/24/2015 16:08:17 PAGE 4   

 179   2                      if(bHeatTopReq)
 180   2                      {
 181   3                              IO_HEAT_TOP     = 1;    
 182   3                      }
 183   2                      else
 184   2                      {
 185   3                              IO_HEAT_TOP = 0;
 186   3                      }
 187   2      
 188   2                      if(bHeatArdReq)
 189   2                      {
 190   3                              IO_HEAT_MID     =       1;
 191   3                      }
 192   2                      else
 193   2                      {
 194   3                              IO_HEAT_MID     =       0;
 195   3                      }               
 196   2          }
 197   1      }


MODULE INFORMATION:   STATIC OVERLAYABLE
   CODE SIZE        =    189    ----
   CONSTANT SIZE    =   ----    ----
   XDATA SIZE       =   ----    ----
   PDATA SIZE       =   ----    ----
   DATA SIZE        =      9    ----
   IDATA SIZE       =   ----    ----
   BIT SIZE         =   ----    ----
END OF MODULE INFORMATION.


C51 COMPILATION COMPLETE.  0 WARNING(S),  0 ERROR(S)
