C51 COMPILER V9.52.0.0   TIME                                                              12/24/2015 16:08:16 PAGE 1   


C51 COMPILER V9.52.0.0, COMPILATION OF MODULE TIME
OBJECT MODULE PLACED IN .\OBJ\Time.obj
COMPILER INVOKED BY: C:\Keil\C51\BIN\C51.EXE SRC\Time.c BROWSE DEBUG OBJECTEXTEND PRINT(.\LST\Time.lst) OBJECT(.\OBJ\Tim
                    -e.obj)

line level    source

   1          /*-----------------------------*
   2           *  include head files         *
   3           *----------------------------*/
   4          #include ".\Head\HD_cfg.h"
   5          #include ".\Head\Time.h"
   6          
   7          /*-----------------------------*
   8           *  Macros for constants       *
   9           *----------------------------*/
  10          
  11          /*-----------------------------*
  12           *  Macros for others          *
  13           *----------------------------*/
  14          
  15          
  16          /*-----------------------------*
  17           *  type definitions           *
  18           *----------------------------*/
  19          
  20          
  21          /*-----------------------------*
  22           *  structure,union and enum   *
  23           *----------------------------*/
  24          
  25          
  26          /*-----------------------------*
  27           *  public functions prototypes*
  28           *----------------------------*/
  29          void    IncTime(uint8   *pTime);
  30          void    DecTime(uint8   *pTime);
  31          void    IncTime_MIN(uint8       *pTime);
  32          //void  IncTime_Hour(uint8      *pTime);
  33          
  34          /*-----------------------------*
  35           *  static functions prototypes*
  36           *----------------------------*/
  37          
  38          
  39          /*-----------------------------*
  40           *  public variable declaration*
  41           *----------------------------*/
  42          uint8   tmCookTime[3];  //烹饪倒计时时间
  43          uint8   tmBookTime[3];  //预约时间
  44          
  45          /*-----------------------------*
  46           *  static variable declaration*
  47           *----------------------------*/
  48          
  49          
  50          /*-----------------------------------------------------------------------------*
  51           *  Function Description:                                                      *
  52           *      时间增加1秒                                                                                                                *
  53           *  Parameters:                                                                *
  54           *      需要增加的时间地址指针                                                 *
C51 COMPILER V9.52.0.0   TIME                                                              12/24/2015 16:08:16 PAGE 2   

  55           *  Return                                                                     *
  56           *      None                                                                   *
  57           *----------------------------------------------------------------------------*/
  58          void    IncTime(uint8   *pTime)
  59          {
  60   1              pTime[0]++;
  61   1              if(pTime[0]<60) 
  62   1              {
  63   2                      return;
  64   2              }
  65   1          else
  66   1              {
  67   2                      pTime[0]        =       0;
  68   2                      IncTime_MIN(pTime);
  69   2              }
  70   1      }
  71          
  72          /*-----------------------------------------------------------------------------*
  73           *  Function Description:                                                      *
  74           *      时间减少1秒                                                                                                                *
  75           *  Parameters:                                                                *
  76           *      需要减少的时间地址指针                                                 *
  77           *  Return                                                                     *
  78           *      None                                                                   *
  79           *----------------------------------------------------------------------------*/
  80          void    DecTime(uint8   *pTime)
  81          {       
  82   1              pTime[0]--;
  83   1              if(pTime[0]==0xff)
  84   1              {
  85   2                      pTime[0]        =       59;
  86   2                      pTime[1]--;
  87   2                      if(pTime[1]==0xff)
  88   2                      {
  89   3                              pTime[1]        =       59;
  90   3                              pTime[2]--;
  91   3                  if(pTime[2]==0xff)
  92   3                              {
  93   4                                      pTime[2]        =       23;
  94   4                              }
  95   3                      }
  96   2              }
  97   1      }
  98          
  99          /*-----------------------------------------------------------------------------*
 100           *  Function Description:                                                      *
 101           *      时间增加1分钟                                                                                                      *
 102           *  Parameters:                                                                *
 103           *      需要增加的时间地址指针                                                 *
 104           *  Return                                                                     *
 105           *      None                                                                   *
 106           *----------------------------------------------------------------------------*/
 107          void    IncTime_MIN(uint8       *pTime)
 108          {
 109   1              pTime[1]++;
 110   1              if(pTime[1]<60)
 111   1              {
 112   2                      return;
 113   2              }
 114   1              else
 115   1              {
 116   2                      pTime[1]        =       0;
C51 COMPILER V9.52.0.0   TIME                                                              12/24/2015 16:08:16 PAGE 3   

 117   2                      pTime[2]++;
 118   2                      if(pTime[2]==24)
 119   2                      {
 120   3                              pTime[2]        =       0;
 121   3                      }
 122   2              }
 123   1      }
 124          
 125          /*-----------------------------------------------------------------------------*
 126           *  Function Description:                                                      *
 127           *      时间增加1小时                                                                                                              *
 128           *  Parameters:                                                                *
 129           *      需要增加的时间地址指针                                                 *
 130           *  Return                                                                     *
 131           *      None                                                                   *
 132           *----------------------------------------------------------------------------*/
 133          //void  IncTime_Hour(uint8      *pTime)
 134          //{
 135          //      pTime[2]++;
 136          //      if(pTime[2]>=24)  pTime[2]      =       0;
 137          //}


MODULE INFORMATION:   STATIC OVERLAYABLE
   CODE SIZE        =    141    ----
   CONSTANT SIZE    =   ----    ----
   XDATA SIZE       =   ----    ----
   PDATA SIZE       =   ----    ----
   DATA SIZE        =      6    ----
   IDATA SIZE       =   ----    ----
   BIT SIZE         =   ----    ----
END OF MODULE INFORMATION.


C51 COMPILATION COMPLETE.  0 WARNING(S),  0 ERROR(S)
